2026-02-24 10:16:13,259 WARN  [restartedMain] org.hibernate.dialect.Oracle9Dialect - HHH000063: The Oracle9Dialect dialect has been deprecated; use either Oracle9iDialect or Oracle10gDialect instead
2026-02-24 10:16:13,263 WARN  [restartedMain] org.hibernate.dialect.OracleDialect - HHH000064: The OracleDialect dialect has been deprecated; use Oracle8iDialect instead
2026-02-24 10:16:18,597 WARN  [restartedMain] org.springframework.boot.autoconfigure.thymeleaf.ThymeleafAutoConfiguration$DefaultTemplateResolverConfiguration - Cannot find template location: classpath:/templates/ (please add some templates, check your Thymeleaf configuration, or set spring.thymeleaf.check-template-location=false)
2026-02-24 10:17:40,641 WARN  [Thread-6] org.apache.catalina.loader.WebappClassLoaderBase - The web application [ROOT] appears to have started a thread named [logback-3] but has failed to stop it. This is very likely to create a memory leak. Stack trace of thread:
 java.base@17.0.12/jdk.internal.misc.Unsafe.park(Native Method)
 java.base@17.0.12/java.util.concurrent.locks.LockSupport.park(LockSupport.java:341)
 java.base@17.0.12/java.util.concurrent.locks.AbstractQueuedSynchronizer$ConditionNode.block(AbstractQueuedSynchronizer.java:506)
 java.base@17.0.12/java.util.concurrent.ForkJoinPool.unmanagedBlock(ForkJoinPool.java:3465)
 java.base@17.0.12/java.util.concurrent.ForkJoinPool.managedBlock(ForkJoinPool.java:3436)
 java.base@17.0.12/java.util.concurrent.locks.AbstractQueuedSynchronizer$ConditionObject.await(AbstractQueuedSynchronizer.java:1623)
 java.base@17.0.12/java.util.concurrent.ScheduledThreadPoolExecutor$DelayedWorkQueue.take(ScheduledThreadPoolExecutor.java:1170)
 java.base@17.0.12/java.util.concurrent.ScheduledThreadPoolExecutor$DelayedWorkQueue.take(ScheduledThreadPoolExecutor.java:899)
 java.base@17.0.12/java.util.concurrent.ThreadPoolExecutor.getTask(ThreadPoolExecutor.java:1062)
 java.base@17.0.12/java.util.concurrent.ThreadPoolExecutor.runWorker(ThreadPoolExecutor.java:1122)
 java.base@17.0.12/java.util.concurrent.ThreadPoolExecutor$Worker.run(ThreadPoolExecutor.java:635)
 java.base@17.0.12/java.lang.Thread.run(Thread.java:842)
2026-02-24 10:17:42,185 WARN  [restartedMain] org.hibernate.dialect.Oracle9Dialect - HHH000063: The Oracle9Dialect dialect has been deprecated; use either Oracle9iDialect or Oracle10gDialect instead
2026-02-24 10:17:42,185 WARN  [restartedMain] org.hibernate.dialect.OracleDialect - HHH000064: The OracleDialect dialect has been deprecated; use Oracle8iDialect instead
2026-02-24 10:17:44,390 WARN  [restartedMain] org.springframework.boot.autoconfigure.thymeleaf.ThymeleafAutoConfiguration$DefaultTemplateResolverConfiguration - Cannot find template location: classpath:/templates/ (please add some templates, check your Thymeleaf configuration, or set spring.thymeleaf.check-template-location=false)
2026-02-24 10:17:47,810 WARN  [restartedMain] org.hibernate.dialect.Oracle9Dialect - HHH000063: The Oracle9Dialect dialect has been deprecated; use either Oracle9iDialect or Oracle10gDialect instead
2026-02-24 10:17:47,810 WARN  [restartedMain] org.hibernate.dialect.OracleDialect - HHH000064: The OracleDialect dialect has been deprecated; use Oracle8iDialect instead
2026-02-24 10:17:49,753 WARN  [restartedMain] org.springframework.boot.autoconfigure.thymeleaf.ThymeleafAutoConfiguration$DefaultTemplateResolverConfiguration - Cannot find template location: classpath:/templates/ (please add some templates, check your Thymeleaf configuration, or set spring.thymeleaf.check-template-location=false)
2026-02-24 10:18:41,614 WARN  [restartedMain] org.hibernate.dialect.Oracle9Dialect - HHH000063: The Oracle9Dialect dialect has been deprecated; use either Oracle9iDialect or Oracle10gDialect instead
2026-02-24 10:18:41,615 WARN  [restartedMain] org.hibernate.dialect.OracleDialect - HHH000064: The OracleDialect dialect has been deprecated; use Oracle8iDialect instead
2026-02-24 10:18:43,556 WARN  [restartedMain] org.springframework.boot.autoconfigure.thymeleaf.ThymeleafAutoConfiguration$DefaultTemplateResolverConfiguration - Cannot find template location: classpath:/templates/ (please add some templates, check your Thymeleaf configuration, or set spring.thymeleaf.check-template-location=false)
2026-02-24 10:18:47,512 WARN  [restartedMain] org.hibernate.dialect.Oracle9Dialect - HHH000063: The Oracle9Dialect dialect has been deprecated; use either Oracle9iDialect or Oracle10gDialect instead
2026-02-24 10:18:47,512 WARN  [restartedMain] org.hibernate.dialect.OracleDialect - HHH000064: The OracleDialect dialect has been deprecated; use Oracle8iDialect instead
2026-02-24 10:18:49,693 WARN  [restartedMain] org.springframework.boot.autoconfigure.thymeleaf.ThymeleafAutoConfiguration$DefaultTemplateResolverConfiguration - Cannot find template location: classpath:/templates/ (please add some templates, check your Thymeleaf configuration, or set spring.thymeleaf.check-template-location=false)
2026-02-24 10:20:31,910 WARN  [Thread-20] org.apache.catalina.loader.WebappClassLoaderBase - The web application [ROOT] appears to have started a thread named [logback-4] but has failed to stop it. This is very likely to create a memory leak. Stack trace of thread:
 java.base@17.0.12/jdk.internal.misc.Unsafe.park(Native Method)
 java.base@17.0.12/java.util.concurrent.locks.LockSupport.park(LockSupport.java:341)
 java.base@17.0.12/java.util.concurrent.locks.AbstractQueuedSynchronizer$ConditionNode.block(AbstractQueuedSynchronizer.java:506)
 java.base@17.0.12/java.util.concurrent.ForkJoinPool.unmanagedBlock(ForkJoinPool.java:3465)
 java.base@17.0.12/java.util.concurrent.ForkJoinPool.managedBlock(ForkJoinPool.java:3436)
 java.base@17.0.12/java.util.concurrent.locks.AbstractQueuedSynchronizer$ConditionObject.await(AbstractQueuedSynchronizer.java:1623)
 java.base@17.0.12/java.util.concurrent.ScheduledThreadPoolExecutor$DelayedWorkQueue.take(ScheduledThreadPoolExecutor.java:1170)
 java.base@17.0.12/java.util.concurrent.ScheduledThreadPoolExecutor$DelayedWorkQueue.take(ScheduledThreadPoolExecutor.java:899)
 java.base@17.0.12/java.util.concurrent.ThreadPoolExecutor.getTask(ThreadPoolExecutor.java:1062)
 java.base@17.0.12/java.util.concurrent.ThreadPoolExecutor.runWorker(ThreadPoolExecutor.java:1122)
 java.base@17.0.12/java.util.concurrent.ThreadPoolExecutor$Worker.run(ThreadPoolExecutor.java:635)
 java.base@17.0.12/java.lang.Thread.run(Thread.java:842)
2026-02-24 10:20:32,929 WARN  [restartedMain] org.hibernate.dialect.Oracle9Dialect - HHH000063: The Oracle9Dialect dialect has been deprecated; use either Oracle9iDialect or Oracle10gDialect instead
2026-02-24 10:20:32,929 WARN  [restartedMain] org.hibernate.dialect.OracleDialect - HHH000064: The OracleDialect dialect has been deprecated; use Oracle8iDialect instead
2026-02-24 10:20:34,814 WARN  [restartedMain] org.springframework.boot.autoconfigure.thymeleaf.ThymeleafAutoConfiguration$DefaultTemplateResolverConfiguration - Cannot find template location: classpath:/templates/ (please add some templates, check your Thymeleaf configuration, or set spring.thymeleaf.check-template-location=false)
2026-02-24 10:20:40,662 WARN  [http-nio-0.0.0.0-8181-exec-4] org.springframework.web.servlet.mvc.method.annotation.ExceptionHandlerExceptionResolver - Resolved [org.springframework.web.HttpRequestMethodNotSupportedException: Request method 'PUT' not supported]
2026-02-24 10:23:03,519 WARN  [restartedMain] org.hibernate.dialect.Oracle9Dialect - HHH000063: The Oracle9Dialect dialect has been deprecated; use either Oracle9iDialect or Oracle10gDialect instead
2026-02-24 10:23:03,520 WARN  [restartedMain] org.hibernate.dialect.OracleDialect - HHH000064: The OracleDialect dialect has been deprecated; use Oracle8iDialect instead
2026-02-24 10:23:06,039 WARN  [restartedMain] org.springframework.boot.autoconfigure.thymeleaf.ThymeleafAutoConfiguration$DefaultTemplateResolverConfiguration - Cannot find template location: classpath:/templates/ (please add some templates, check your Thymeleaf configuration, or set spring.thymeleaf.check-template-location=false)
2026-02-24 10:23:09,666 WARN  [restartedMain] org.hibernate.dialect.Oracle9Dialect - HHH000063: The Oracle9Dialect dialect has been deprecated; use either Oracle9iDialect or Oracle10gDialect instead
2026-02-24 10:23:09,667 WARN  [restartedMain] org.hibernate.dialect.OracleDialect - HHH000064: The OracleDialect dialect has been deprecated; use Oracle8iDialect instead
2026-02-24 10:23:11,615 WARN  [restartedMain] org.springframework.boot.autoconfigure.thymeleaf.ThymeleafAutoConfiguration$DefaultTemplateResolverConfiguration - Cannot find template location: classpath:/templates/ (please add some templates, check your Thymeleaf configuration, or set spring.thymeleaf.check-template-location=false)
2026-02-24 10:24:16,515 WARN  [restartedMain] org.hibernate.dialect.Oracle9Dialect - HHH000063: The Oracle9Dialect dialect has been deprecated; use either Oracle9iDialect or Oracle10gDialect instead
2026-02-24 10:24:16,516 WARN  [restartedMain] org.hibernate.dialect.OracleDialect - HHH000064: The OracleDialect dialect has been deprecated; use Oracle8iDialect instead
2026-02-24 10:24:18,345 WARN  [restartedMain] org.springframework.boot.autoconfigure.thymeleaf.ThymeleafAutoConfiguration$DefaultTemplateResolverConfiguration - Cannot find template location: classpath:/templates/ (please add some templates, check your Thymeleaf configuration, or set spring.thymeleaf.check-template-location=false)
2026-02-24 10:25:51,304 WARN  [http-nio-0.0.0.0-8181-exec-6] org.springframework.web.servlet.mvc.method.annotation.ExceptionHandlerExceptionResolver - Resolved [org.springframework.web.HttpRequestMethodNotSupportedException: Request method 'POST' not supported]
2026-02-24 10:27:16,746 WARN  [restartedMain] org.hibernate.dialect.Oracle9Dialect - HHH000063: The Oracle9Dialect dialect has been deprecated; use either Oracle9iDialect or Oracle10gDialect instead
2026-02-24 10:27:16,746 WARN  [restartedMain] org.hibernate.dialect.OracleDialect - HHH000064: The OracleDialect dialect has been deprecated; use Oracle8iDialect instead
2026-02-24 10:27:18,374 WARN  [restartedMain] org.springframework.boot.autoconfigure.thymeleaf.ThymeleafAutoConfiguration$DefaultTemplateResolverConfiguration - Cannot find template location: classpath:/templates/ (please add some templates, check your Thymeleaf configuration, or set spring.thymeleaf.check-template-location=false)
